A51 MACRO ASSEMBLER  EXERCICIO2                                                           07/15/2015 15:36:26 PAGE     1


MACRO ASSEMBLER A51 V8.02b
OBJECT MODULE PLACED IN exercicio2.OBJ
ASSEMBLER INVOKED BY: C:\Keil_v5\C51\BIN\A51.EXE exercicio2.asm SET(SMALL) DEBUG EP

LOC  OBJ            LINE     SOURCE

                       1     ;MATHEUS FIGUEIREDO
  0000                 2     reset     equ   0h
  001B                 3     ltmr1     equ   1bh ; local tratador,               MUDOU AQUI
  0020                 4     state     equ   20h
                       5         
0000                   6                 org         reset   ;PC=0 depois de reset
0000 8023              7             jmp     inicio 
                       8             
001B                   9             org       ltmr1                         ; MUDOU AQUI
001B 758DEC           10                     mov       th1,#0ECh                       ;th e tl são registrados do timer
                                                  
001E 758B00           11                     mov       tl1,#00h                     ; coloca duas vezes pq é ciclico
0021 752001           12             mov      state,#1h
0024 32               13             reti    
0025                  14     inicio: 
0025 75A888           15             mov     ie,#10001000b     ; habilita         , MUDOU AQUI
0028 758900           16             mov     tmod,#00000000b            ; modo 0
002B 758DEC           17             mov      th1,#0ECH  ; OU #236 QUE É EC EM HEXADECIMAL, coloca os 5 bits lsb em TL1 
                             que é 0h, e os msb 8 bits em th1 que é 11101100b = ECh
002E 758B00           18                     MOV      TL1,#00H
0031 752000           19                 mov         state,#0h ;inicialização
0034 7820             20             mov     r0,#state 
0036 90004F           21             mov     dptr,#tabela
0039 7900             22             mov     r1,#0
003B D28E             23                 setb        tr1            ; serve pra fechar a chave e assim, o pulso de clock
                              chega ao contador                    , MUDOU AQUI
                      24                                                                     ;e ele começa a funcionar, 
                             A CONTAGEM JA COMEÇA AQUI, 1 CICLO DE INSTRUÇÃO
003D B601FD           25     volta:  cjne    @r0,#1,volta  ;vai ter que clicar 100 vezes 
                      26                     
0040 752000           27                     mov      state,#0h
0043 E9               28             mov     a,r1
0044 93               29             movc    a,@a+dptr 
0045 F590             30             mov     p1,a
0047 09               31             inc     r1
0048 B910F2           32                     cjne    r1,#16,volta
004B C28E             33                     clr     tr1
004D 80FE             34             jmp     $
                      35     
                      36      
004F 4D696372         37     tabela:                 db 'Microcontrolador'
0053 6F636F6E                
0057 74726F6C                
005B 61646F72                
                      38             end 
A51 MACRO ASSEMBLER  EXERCICIO2                                                           07/15/2015 15:36:26 PAGE     2

SYMBOL TABLE LISTING
------ ----- -------


N A M E             T Y P E  V A L U E   ATTRIBUTES

IE . . . . . . . .  D ADDR   00A8H   A   
INICIO . . . . . .  C ADDR   0025H   A   
LTMR1. . . . . . .  N NUMB   001BH   A   
P1 . . . . . . . .  D ADDR   0090H   A   
RESET. . . . . . .  N NUMB   0000H   A   
STATE. . . . . . .  N NUMB   0020H   A   
TABELA . . . . . .  C ADDR   004FH   A   
TH1. . . . . . . .  D ADDR   008DH   A   
TL1. . . . . . . .  D ADDR   008BH   A   
TMOD . . . . . . .  D ADDR   0089H   A   
TR1. . . . . . . .  B ADDR   0088H.6 A   
VOLTA. . . . . . .  C ADDR   003DH   A   


REGISTER BANK(S) USED: 0 


ASSEMBLY COMPLETE.  0 WARNING(S), 0 ERROR(S)
