A51 MACRO ASSEMBLER  FIRST                                                                03/14/2018 10:20:49 PAGE     1


MACRO ASSEMBLER A51 V8.02c
OBJECT MODULE PLACED IN .\Objects\FIRST.obj
ASSEMBLER INVOKED BY: C:\Keil_v5\C51\BIN\A51.EXE FIRST.asm SET(SMALL) DEBUG PRINT(.\Listings\FIRST.lst) OBJECT(.\Objects
                      \FIRST.obj) EP

LOC  OBJ            LINE     SOURCE

                       1     ; Programa FIRST.asm
  0000                 2     INICIO  EQU 0H
0000                   3                             ORG INICIO
0000 750203            4                             MOV 02H,#3
0003 EA                5     VOLTA:  MOV A,R2
0004 2532              6                             ADD A,32H
0006 F532              7                             MOV 32H,A
0008 80F9              8                             JMP VOLTA
                       9                             END
A51 MACRO ASSEMBLER  FIRST                                                                03/14/2018 10:20:49 PAGE     2

SYMBOL TABLE LISTING
------ ----- -------


N A M E             T Y P E  V A L U E   ATTRIBUTES

INICIO . . . . . .  N NUMB   0000H   A   
VOLTA. . . . . . .  C ADDR   0003H   A   


REGISTER BANK(S) USED: 0 


ASSEMBLY COMPLETE.  0 WARNING(S), 0 ERROR(S)
