A51 MACRO ASSEMBLER  LAB7                                                                 05/09/2018 11:31:59 PAGE     1


MACRO ASSEMBLER A51 V8.2.7.0
OBJECT MODULE PLACED IN .\Objects\lab7.obj
ASSEMBLER INVOKED BY: C:\Keil_v5\C51\BIN\A51.EXE lab7.asm SET(SMALL) DEBUG PRINT(.\Listings\lab7.lst) OBJECT(.\Objects\l
                      ab7.obj) EP

LOC  OBJ            LINE     SOURCE

  0000                 1     RESET           EQU     00H
  0023                 2     LTSERIAL        EQU     23H ; local tratador
  0020                 3     STATE       EQU     20H
                       4     
0000                   5     ORG RESET  ;PC=0 depois de reset
0000 8027              6     JMP INICIO 
                       7     
0023                   8     ORG     LTSERIAL
0023 C299              9     CLR TI
0025 752001           10     MOV STATE,#1H
0028 32               11     RETI
                      12     
0029 75A890           13     INICIO:         MOV IE,#10010000B
002C 7598C0           14                             MOV SCON,#11000000B
002F 758920           15                             MOV TMOD,#00100000B
0032 758DFF           16                             MOV TH1,#0FFH
0035 758BFF           17                             MOV TL1,#0FFH
0038 758780           18                             MOV PCON,#80H
003B D28E             19                             SETB TR1
003D 752000           20                             MOV STATE,#0H
0040 7820             21                             MOV R0,#STATE
                      22                             ;MOV DPTR,#TABELA -- Exemplo
                      23     ;VOLTA1:        MOV R1,#30H
0042 7441             24     VOLTA0:         MOV A,#41H
0044 F599             25     VOLTA1:         MOV SBUF,A
0046 A2D0             26                             MOV C,P
0048 929B             27                             MOV TB8,C
                      28                             ;MOV SBUF,#'M' -- Exemplo
                      29     
004A B601FD           30     VOLTA2:         CJNE @R0,#1,VOLTA2
004D 752000           31                             MOV STATE,#0H
                      32                             ;MOV @R1,SBUF
                      33                             ;MOV A,R1 -- Exemplo
                      34                             ;MOVC A,@A+DPTR -- Exemplo
                      35                             ;MOV SBUF,A -- Exemplo
                      36                             ;INC R1
0050 04               37                             INC A
0051 B562F0           38                             CJNE A,62H,VOLTA1
                      39                             ;CJNE R1,#36H,VOLTA2
                      40                             ;JMP VOLTA1
0054 80EC             41                             JMP VOLTA0
                      42                                     
                      43     ;TABELA:        DB 'Microcontrolador' -- Exemplo
                      44             
                      45     END
A51 MACRO ASSEMBLER  LAB7                                                                 05/09/2018 11:31:59 PAGE     2

SYMBOL TABLE LISTING
------ ----- -------


N A M E             T Y P E  V A L U E   ATTRIBUTES

IE . . . . . . . .  D ADDR   00A8H   A   
INICIO . . . . . .  C ADDR   0029H   A   
LTSERIAL . . . . .  N NUMB   0023H   A   
P. . . . . . . . .  B ADDR   00D0H.0 A   
PCON . . . . . . .  D ADDR   0087H   A   
RESET. . . . . . .  N NUMB   0000H   A   
SBUF . . . . . . .  D ADDR   0099H   A   
SCON . . . . . . .  D ADDR   0098H   A   
STATE. . . . . . .  N NUMB   0020H   A   
TB8. . . . . . . .  B ADDR   0098H.3 A   
TH1. . . . . . . .  D ADDR   008DH   A   
TI . . . . . . . .  B ADDR   0098H.1 A   
TL1. . . . . . . .  D ADDR   008BH   A   
TMOD . . . . . . .  D ADDR   0089H   A   
TR1. . . . . . . .  B ADDR   0088H.6 A   
VOLTA0 . . . . . .  C ADDR   0042H   A   
VOLTA1 . . . . . .  C ADDR   0044H   A   
VOLTA2 . . . . . .  C ADDR   004AH   A   


REGISTER BANK(S) USED: 0 


ASSEMBLY COMPLETE.  0 WARNING(S), 0 ERROR(S)
