C51 COMPILER V9.57.0.0   LINK_C_ASM_1                                                      05/23/2018 11:20:12 PAGE 1   


C51 COMPILER V9.57.0.0, COMPILATION OF MODULE LINK_C_ASM_1
OBJECT MODULE PLACED IN .\Objects\link_C_asm_1.obj
COMPILER INVOKED BY: C:\Keil_v5\C51\BIN\C51.EXE link_C_asm_1.c OPTIMIZE(8,SPEED) BROWSE DEBUG OBJECTEXTEND PRINT(.\Listi
                    -ngs\link_C_asm_1.lst) TABS(2) OBJECT(.\Objects\link_C_asm_1.obj)

line level    source

   1          #include <reg51.h>
   2            
   3          
   4          /* prototipo de funcao externa */
   5          extern unsigned short   inc_arg(unsigned short);
   6          
   7          void main(void)
   8          {
   9   1      unsigned short teste;
  10   1      
  11   1      teste=0;
  12   1      
  13   1      while(1) {
  14   2          
  15   2          teste=inc_arg(teste);  // função salva em outro arquivo...
  16   2                    // ... Irá incrementar o parâmetro passado
  17   2        }
  18   1      
  19   1      }


MODULE INFORMATION:   STATIC OVERLAYABLE
   CODE SIZE        =      8    ----
   CONSTANT SIZE    =   ----    ----
   XDATA SIZE       =   ----    ----
   PDATA SIZE       =   ----    ----
   DATA SIZE        =   ----    ----
   IDATA SIZE       =   ----    ----
   BIT SIZE         =   ----    ----
END OF MODULE INFORMATION.


C51 COMPILATION COMPLETE.  0 WARNING(S),  0 ERROR(S)
