A51 MACRO ASSEMBLER  EXERCICIO1                                                           07/15/2015 15:31:42 PAGE     1


MACRO ASSEMBLER A51 V8.02b
OBJECT MODULE PLACED IN exercicio1.OBJ
ASSEMBLER INVOKED BY: C:\Keil_v5\C51\BIN\A51.EXE exercicio1.asm SET(SMALL) DEBUG EP

LOC  OBJ            LINE     SOURCE

                       1     ;MATHEUS FIGUEIREDO
  0000                 2     RESET EQU       0H
  0060                 3     VETOR EQU       60H
                       4     
0000                   5                             ORG RESET                       ; PC = 0000H ao se resetar o 8051
0000 900060            6                             MOV DPTR,#NRO           ; endereco nro parcelas a ser somado
0003 7400              7                             MOV A,#0
0005 93                8                             MOVC A,@ A+DPTR
0006 F9                9                             MOV R1,A                        ; R1 = nro parcelas a ser somado
0007 900061           10                             MOV DPTR,#DADOS         ; end. vetor de dados a ser somado
000A 7A00             11                             MOV R2,#0                       ; guarda resultado das somas realiz
                             adas
000C 7800             12                             MOV R0,#0                       ; especifica parcela a ser lida do 
                             vetor de dados
000E E8               13     VOLTA:          MOV A,R0
000F 93               14                             MOVC A,@A+DPTR          ; le parcela
0010 2A               15                             ADD A,R2
0011 FA               16                             MOV R2,A
                      17                             
                      18                             ;MOV DPTR,#01
                      19                             ;MOVX @DPTR,A
                      20                             ;MOV DPTR,#DADOS
                      21     
0012 08               22                             INC R0
                      23                             
0013 D9F9             24                             DJNZ R1,VOLTA
                      25     
                      26     
0015 80FE             27     FIM:            JMP FIM
                      28     
0060                  29                             ORG VETOR
0060 03               30     NRO:            DB 3H
0061 01030506         31     DADOS:          DB 01H,03H,05H,06H,0AH,0E2H
0065 0AE2                    
                      32                             END
A51 MACRO ASSEMBLER  EXERCICIO1                                                           07/15/2015 15:31:42 PAGE     2

SYMBOL TABLE LISTING
------ ----- -------


N A M E             T Y P E  V A L U E   ATTRIBUTES

DADOS. . . . . . .  C ADDR   0061H   A   
FIM. . . . . . . .  C ADDR   0015H   A   
NRO. . . . . . . .  C ADDR   0060H   A   
RESET. . . . . . .  N NUMB   0000H   A   
VETOR. . . . . . .  N NUMB   0060H   A   
VOLTA. . . . . . .  C ADDR   000EH   A   


REGISTER BANK(S) USED: 0 


ASSEMBLY COMPLETE.  0 WARNING(S), 0 ERROR(S)
